This is pdfTeX, Version 3.14159-13d (Web2C 7.3.1) (format=pdflatex 2001.3.27)  8 SEP 2001 18:53
**stimulus_latency_bug
(stimulus_latency_bug.tex[/usr/share/texmf/pdftex/config/pdftex.cfg]
LaTeX2e <1999/12/01> patch level 1
Babel <v3.6Z> and hyphenation patterns for american, french, german, ngerman, i
talian, portuges, russian, spanish, nohyphenation, loaded.
(/usr/share/texmf/tex/latex/base/article.cls
Document Class: article 1999/09/10 v1.4a Standard LaTeX document class
(/usr/share/texmf/tex/latex/base/size10.clo
File: size10.clo 1999/09/10 v1.4a Standard LaTeX file (size option)
)
\c@part=\count79
\c@section=\count80
\c@subsection=\count81
\c@subsubsection=\count82
\c@paragraph=\count83
\c@subparagraph=\count84
\c@figure=\count85
\c@table=\count86
\abovecaptionskip=\skip41
\belowcaptionskip=\skip42
\bibindent=\dimen102
)
(/usr/share/texmf/tex/latex/graphics/graphicx.sty
Package: graphicx 1999/02/16 v1.0f Enhanced LaTeX Graphics (DPC,SPQR)

(/usr/share/texmf/tex/latex/graphics/keyval.sty
Package: keyval 1999/03/16 v1.13 key=value parser (DPC)
\KV@toks@=\toks14
)
(/usr/share/texmf/tex/latex/graphics/graphics.sty
Package: graphics 1999/02/16 v1.0l Standard LaTeX Graphics (DPC,SPQR)

(/usr/share/texmf/tex/latex/graphics/trig.sty
Package: trig 1999/03/16 v1.09 sin cos tan (DPC)
)
(/usr/share/texmf/tex/latex/config/graphics.cfg)
Package graphics Info: Driver file: pdftex.def on input line 80.

(/usr/share/texmf/tex/latex/graphics/pdftex.def
File: pdftex.def 1999/10/13 v0.02r graphics/color for pdftex
\Gread@gobject=\count87
))
\Gin@req@height=\dimen103
\Gin@req@width=\dimen104
) (stimulus_latency_bug.aux)
\openout1 = `stimulus_latency_bug.aux'.

LaTeX Font Info:    Checking defaults for OML/cmm/m/it on input line 7.
LaTeX Font Info:    ... okay on input line 7.
LaTeX Font Info:    Checking defaults for T1/cmr/m/n on input line 7.
LaTeX Font Info:    ... okay on input line 7.
LaTeX Font Info:    Checking defaults for OT1/cmr/m/n on input line 7.
LaTeX Font Info:    ... okay on input line 7.
LaTeX Font Info:    Checking defaults for OMS/cmsy/m/n on input line 7.
LaTeX Font Info:    ... okay on input line 7.
LaTeX Font Info:    Checking defaults for OMX/cmex/m/n on input line 7.
LaTeX Font Info:    ... okay on input line 7.
LaTeX Font Info:    Checking defaults for U/cmr/m/n on input line 7.
LaTeX Font Info:    ... okay on input line 7.

(/usr/share/texmf/tex/context/base/supp-pdf.tex
(/usr/share/texmf/tex/context/base/supp-mis.tex
loading : Context Support Macros / Missing
\protectiondepth=\count88
\scratchcounter=\count89
\scratchdimen=\dimen105
\scratchskip=\skip43
\scratchmuskip=\muskip10
\scratchbox=\box26
\scratchread=\read1
\scratchwrite=\write3
\nextbox=\box27
\nextdepth=\dimen106
\everyline=\toks15
\!!counta=\count90
\!!countb=\count91
\recursecounter=\count92
)
loading : Context Support Macros / PDF
\nofMPsegments=\count93
\nofMParguments=\count94
)
LaTeX Font Info:    External font `cmex10' loaded for size
(Font)              <12> on input line 11.
LaTeX Font Info:    External font `cmex10' loaded for size
(Font)              <8> on input line 11.
LaTeX Font Info:    External font `cmex10' loaded for size
(Font)              <6> on input line 11.
LaTeX Font Info:    External font `cmex10' loaded for size
(Font)              <7> on input line 60.
LaTeX Font Info:    External font `cmex10' loaded for size
(Font)              <5> on input line 60.
 <latency_fig.pdf 417.56pt, 95.35625pt, obj 1>
File: latency_fig.pdf Graphic file (type pdf)
 <use latency_fig.pdf> [1

[/usr/share/texmf/dvips/config/pdftex.map] <./latency_fig.pdf>] [2]
(stimulus_latency_bug.aux) ) 
Here is how much of TeX's memory you used:
 766 strings out of 50593
 8794 string characters out of 692055
 55227 words of memory out of 1500001
 3780 multiletter control sequences out of 10000+25000
 7804 words of font info for 28 fonts, out of 400000 for 1000
 26 hyphenation exceptions out of 10000
 25i,8n,21p,223b,209s stack positions out of 3000i,500n,3000p,50000b,5000s
<cmsy10.pfb><cmmi10.pfb><cmex10.pfb><cmti10.pfb><cm
tt10.pfb><cmr10.pfb><cmbx12.pfb><cmr12.pfb><cmr17.pfb>
Output written on stimulus_latency_bug.pdf (2 pages, 66393 bytes).
